<?xml version="1.0" encoding="UTF-8"?>
<testng-results skipped="0" failed="0" total="0" passed="0">
  <reporter-output>
  </reporter-output>
  <suite name="cucumber.cucumber.Test" duration-ms="6" started-at="2016-09-12T13:40:17Z" finished-at="2016-09-12T13:40:17Z">
    <groups>
    </groups>
    <test name="Command line test" duration-ms="6" started-at="2016-09-12T13:40:17Z" finished-at="2016-09-12T13:40:17Z">
    </test> <!-- Command line test -->
  </suite> <!-- cucumber.cucumber.Test -->
</testng-results>
